<?xml version="1.0" encoding="UTF-8"?>
<!-- Generated by org.testng.reporters.JUnitReportReporter -->
<testsuite hostname="DESKTOP-8SJFQJ0" failures="0" tests="1" name="com.testNG_ClassPractice.J_ParameterEx" time="79.136" errors="0" timestamp="2023-01-31T14:47:34 IST" skipped="0">
  <testcase classname="com.testNG_ClassPractice.J_ParameterEx" name="fb" time="79.136"/>
  <system-out/>
</testsuite> <!-- com.testNG_ClassPractice.J_ParameterEx -->
