<?xml version="1.0" encoding="UTF-8"?>
<!-- Generated by org.testng.reporters.JUnitReportReporter -->
<testsuite hostname="DESKTOP-8SJFQJ0" failures="0" tests="4" name="com.testNG.F_UseBeforeSuite" time="40.903" errors="0" timestamp="2023-01-22T17:01:44 IST" skipped="0">
  <testcase classname="com.testNG.F_UseBeforeSuite" name="openGoogle" time="5.898"/>
  <system-out/>
  <testcase classname="com.testNG.F_UseBeforeSuite" name="openFacebook" time="9.683"/>
  <system-out/>
  <testcase classname="com.testNG.F_UseBeforeSuite" name="openinta" time="9.969"/>
  <system-out/>
  <testcase classname="com.testNG.F_UseBeforeSuite" name="openTestleaf" time="15.353"/>
  <system-out/>
</testsuite> <!-- com.testNG.F_UseBeforeSuite -->
