<?xml version="1.0" encoding="UTF-8"?>
<!-- Generated by org.testng.reporters.JUnitReportReporter -->
<testsuite hostname="DESKTOP-8SJFQJ0" failures="0" tests="4" name="com.testNG.SuitEx" time="43.518" errors="0" timestamp="2023-01-22T08:58:19 IST" skipped="0">
  <testcase classname="com.testNG.SuitEx" name="openGoogle" time="8.719"/>
  <system-out/>
  <testcase classname="com.testNG.SuitEx" name="openTestleaf" time="12.984"/>
  <system-out/>
  <testcase classname="com.testNG.SuitEx" name="openFacebook" time="11.183"/>
  <system-out/>
  <testcase classname="com.testNG.SuitEx" name="openinta" time="10.632"/>
  <system-out/>
</testsuite> <!-- com.testNG.SuitEx -->
