<?xml version="1.0" encoding="UTF-8"?>
<!-- Generated by org.testng.reporters.JUnitReportReporter -->
<testsuite hostname="DESKTOP-8SJFQJ0" failures="0" tests="5" name="com.testNG_ClassPractice.H_Groups" time="98.395" errors="0" timestamp="2023-01-31T11:42:00 IST" skipped="0">
  <testcase classname="com.testNG_ClassPractice.H_Groups" name="buyOppoMobile" time="19.909"/>
  <system-out/>
  <testcase classname="com.testNG_ClassPractice.H_Groups" name="buyNokiaMobile" time="29.731"/>
  <system-out/>
  <testcase classname="com.testNG_ClassPractice.H_Groups" name="openInsta" time="15.960"/>
  <system-out/>
  <testcase classname="com.testNG_ClassPractice.H_Groups" name="openFB" time="15.198"/>
  <system-out/>
  <testcase classname="com.testNG_ClassPractice.H_Groups" name="buyVivoMobile" time="17.597"/>
  <system-out/>
</testsuite> <!-- com.testNG_ClassPractice.H_Groups -->
