<?xml version="1.0" encoding="UTF-8"?>
<!-- Generated by org.testng.reporters.JUnitReportReporter -->
<testsuite hostname="DESKTOP-8SJFQJ0" failures="0" tests="4" name="com.testNG.E_UseSelenium" time="75.042" errors="0" timestamp="2023-01-22T17:01:44 IST" skipped="0">
  <testcase classname="com.testNG.E_UseSelenium" name="openGoogle" time="10.956"/>
  <system-out/>
  <testcase classname="com.testNG.E_UseSelenium" name="openinta" time="22.936"/>
  <system-out/>
  <testcase classname="com.testNG.E_UseSelenium" name="openFacebook" time="12.015"/>
  <system-out/>
  <testcase classname="com.testNG.E_UseSelenium" name="openTestleaf" time="29.135"/>
  <system-out/>
</testsuite> <!-- com.testNG.E_UseSelenium -->
