<?xml version="1.0" encoding="UTF-8"?>
<!-- Generated by org.testng.reporters.JUnitReportReporter -->
<testsuite hostname="DESKTOP-8SJFQJ0" failures="0" tests="3" name="com.testNG_YouTube.J_Assertion" time="0.039" errors="0" timestamp="2023-01-23T16:43:27 IST" skipped="0">
  <testcase classname="com.testNG_YouTube.J_Assertion" name="assertionEx" time="0.027"/>
  <system-out/>
  <testcase classname="com.testNG_YouTube.J_Assertion" name="assertionEx2" time="0.004"/>
  <system-out/>
  <testcase classname="com.testNG_YouTube.J_Assertion" name="assertionEx1" time="0.008"/>
  <system-out/>
</testsuite> <!-- com.testNG_YouTube.J_Assertion -->
