<?xml version="1.0" encoding="UTF-8"?>
<!-- Generated by org.testng.reporters.JUnitReportReporter -->
<testsuite hostname="DESKTOP-8SJFQJ0" failures="0" tests="1" name="com.testNG_ClassPractice.K_SoftAssert" time="0.026" errors="0" timestamp="2023-01-31T15:17:19 IST" skipped="0">
  <testcase classname="com.testNG_ClassPractice.K_SoftAssert" name="add2" time="0.026"/>
  <system-out/>
</testsuite> <!-- com.testNG_ClassPractice.K_SoftAssert -->
