<?xml version="1.0" encoding="UTF-8"?>
<!-- Generated by org.testng.reporters.JUnitReportReporter -->
<testsuite hostname="DESKTOP-8SJFQJ0" failures="0" tests="1" name="com.testNG.B_Priority" time="0.025" errors="0" timestamp="2023-01-23T09:46:53 IST" skipped="0">
  <testcase classname="com.testNG.B_Priority" name="mySecondTest" time="0.025"/>
  <system-out/>
</testsuite> <!-- com.testNG.B_Priority -->
