<?xml version="1.0" encoding="UTF-8"?>
<!-- Generated by org.testng.reporters.JUnitReportReporter -->
<testsuite hostname="DESKTOP-8SJFQJ0" failures="0" tests="7" name="com.testNG_ClassPractice.D_UseExpectedException_And_DependsOnMethod2" time="40.478" errors="0" timestamp="2023-02-01T08:22:44 IST" skipped="0">
  <testcase classname="com.testNG_ClassPractice.D_UseExpectedException_And_DependsOnMethod2" name="openBrowser" time="6.454"/>
  <system-out/>
  <testcase classname="com.testNG_ClassPractice.D_UseExpectedException_And_DependsOnMethod2" name="goToFlipkart" time="15.912"/>
  <system-out/>
  <testcase classname="com.testNG_ClassPractice.D_UseExpectedException_And_DependsOnMethod2" name="searchMobile" time="3.393"/>
  <system-out/>
  <testcase classname="com.testNG_ClassPractice.D_UseExpectedException_And_DependsOnMethod2" name="selectTheMobile" time="4.326"/>
  <system-out/>
  <testcase classname="com.testNG_ClassPractice.D_UseExpectedException_And_DependsOnMethod2" name="signIn" time="0.003"/>
  <system-out/>
  <testcase classname="com.testNG_ClassPractice.D_UseExpectedException_And_DependsOnMethod2" name="buyTheMobile" time="8.839"/>
  <system-out/>
  <testcase classname="com.testNG_ClassPractice.D_UseExpectedException_And_DependsOnMethod2" name="closeAll" time="1.551"/>
  <system-out/>
</testsuite> <!-- com.testNG_ClassPractice.D_UseExpectedException_And_DependsOnMethod2 -->
