<?xml version="1.0" encoding="UTF-8"?>
<!-- Generated by org.testng.reporters.JUnitReportReporter -->
<testsuite hostname="DESKTOP-8SJFQJ0" failures="0" tests="2" name="com.testNG_YouTube.K_PassTheData" time="76.562" errors="0" timestamp="2023-01-24T06:23:57 IST" skipped="0">
  <testcase classname="com.testNG_YouTube.K_PassTheData" name="openFb" time="45.881"/>
  <system-out/>
  <testcase classname="com.testNG_YouTube.K_PassTheData" name="openFb" time="30.681"/>
  <system-out/>
</testsuite> <!-- com.testNG_YouTube.K_PassTheData -->
