<?xml version="1.0" encoding="UTF-8"?>
<!-- Generated by org.testng.reporters.JUnitReportReporter -->
<testsuite hostname="DESKTOP-8SJFQJ0" failures="0" tests="3" name="com.testNG_YouTube.L_AllAnnotations" time="0.092" errors="0" timestamp="2023-01-24T08:04:02 IST" skipped="0">
  <testcase classname="com.testNG_YouTube.L_AllAnnotations" name="test1" time="0.044"/>
  <system-out/>
  <testcase classname="com.testNG_YouTube.L_AllAnnotations" name="test2" time="0.016"/>
  <system-out/>
  <testcase classname="com.testNG_YouTube.L_AllAnnotations" name="test3" time="0.032"/>
  <system-out/>
</testsuite> <!-- com.testNG_YouTube.L_AllAnnotations -->
