<?xml version="1.0" encoding="UTF-8"?>
<!-- Generated by org.testng.reporters.JUnitReportReporter -->
<testsuite hostname="DESKTOP-8SJFQJ0" failures="0" tests="7" name="com.testNG_ClassPractice.D_UseDependsOnMethod2" time="79.315" errors="0" timestamp="2023-02-01T08:15:04 IST" skipped="0">
  <testcase classname="com.testNG_ClassPractice.D_UseDependsOnMethod2" name="openBrowser" time="29.722"/>
  <system-out/>
  <testcase classname="com.testNG_ClassPractice.D_UseDependsOnMethod2" name="goToFlipkart" time="27.499"/>
  <system-out/>
  <testcase classname="com.testNG_ClassPractice.D_UseDependsOnMethod2" name="searchMobile" time="5.260"/>
  <system-out/>
  <testcase classname="com.testNG_ClassPractice.D_UseDependsOnMethod2" name="selectTheMobile" time="4.341"/>
  <system-out/>
  <testcase classname="com.testNG_ClassPractice.D_UseDependsOnMethod2" name="signIn" time="0.009"/>
  <system-out/>
  <testcase classname="com.testNG_ClassPractice.D_UseDependsOnMethod2" name="buyTheMobile" time="10.523"/>
  <system-out/>
  <testcase classname="com.testNG_ClassPractice.D_UseDependsOnMethod2" name="closeAll" time="1.961"/>
  <system-out/>
</testsuite> <!-- com.testNG_ClassPractice.D_UseDependsOnMethod2 -->
