<?xml version="1.0" encoding="UTF-8"?>
<!-- Generated by org.testng.reporters.JUnitReportReporter -->
<testsuite hostname="DESKTOP-8SJFQJ0" failures="0" tests="1" name="com.testNG_ClassPractice.C_BuyMobile" time="30.806" errors="0" timestamp="2023-01-30T16:23:46 IST" skipped="0">
  <testcase classname="com.testNG_ClassPractice.C_BuyMobile" name="buyTheMobile" time="30.806"/>
  <system-out/>
</testsuite> <!-- com.testNG_ClassPractice.C_BuyMobile -->
