<?xml version="1.0" encoding="UTF-8"?>
<!-- Generated by org.testng.reporters.JUnitReportReporter -->
<testsuite hostname="DESKTOP-8SJFQJ0" failures="0" tests="1" name="com.testNG_ClassPractice.WebDriverManagerEx" time="106.956" errors="0" timestamp="2023-01-28T09:45:56 IST" skipped="0">
  <testcase classname="com.testNG_ClassPractice.WebDriverManagerEx" name="giuy" time="106.956"/>
  <system-out/>
</testsuite> <!-- com.testNG_ClassPractice.WebDriverManagerEx -->
