<?xml version="1.0" encoding="UTF-8"?>
<!-- Generated by org.testng.reporters.JUnitReportReporter -->
<testsuite hostname="DESKTOP-8SJFQJ0" failures="0" tests="4" name="com.testNG.UseBeforeSuite" time="23.916" errors="0" timestamp="2023-01-22T09:20:03 IST" skipped="0">
  <testcase classname="com.testNG.UseBeforeSuite" name="openFacebook" time="5.285"/>
  <system-out/>
  <testcase classname="com.testNG.UseBeforeSuite" name="openGoogle" time="3.693"/>
  <system-out/>
  <testcase classname="com.testNG.UseBeforeSuite" name="openTestleaf" time="7.458"/>
  <system-out/>
  <testcase classname="com.testNG.UseBeforeSuite" name="openinta" time="7.480"/>
  <system-out/>
</testsuite> <!-- com.testNG.UseBeforeSuite -->
