<?xml version="1.0" encoding="UTF-8"?>
<!-- Generated by org.testng.reporters.JUnitReportReporter -->
<testsuite hostname="DESKTOP-8SJFQJ0" failures="0" tests="3" name="com.testNG_ClassPractice.I_Parallel" time="373.170" errors="0" timestamp="2023-01-31T11:49:50 IST" skipped="0">
  <testcase classname="com.testNG_ClassPractice.I_Parallel" name="searchChennai" time="124.283"/>
  <system-out/>
  <testcase classname="com.testNG_ClassPractice.I_Parallel" name="buyVivoMobile" time="123.941"/>
  <system-out/>
  <testcase classname="com.testNG_ClassPractice.I_Parallel" name="openFB" time="124.946"/>
  <system-out/>
</testsuite> <!-- com.testNG_ClassPractice.I_Parallel -->
