<?xml version="1.0" encoding="UTF-8"?>
<!-- Generated by org.testng.reporters.JUnitReportReporter -->
<testsuite hostname="DESKTOP-8SJFQJ0" failures="0" tests="6" name="com.testNG.SkipParticularTestCase" time="0.061" errors="0" timestamp="2023-01-22T08:07:50 IST" skipped="1">
  <testcase classname="com.testNG.SkipParticularTestCase" name="goToLKG" time="0.029"/>
  <system-out/>
  <testcase classname="com.testNG.SkipParticularTestCase" name="goToElementary" time="0.007"/>
  <system-out/>
  <testcase classname="com.testNG.SkipParticularTestCase" name="goToHighSchool" time="0.005"/>
  <system-out/>
  <testcase classname="com.testNG.SkipParticularTestCase" name="goToHigherSec" time="0.007"/>
  <system-out/>
  <testcase classname="com.testNG.SkipParticularTestCase" name="goToCollege" time="0.013"/>
  <system-out/>
  <testcase classname="com.testNG.SkipParticularTestCase" name="dontGoToSchool">
    <skipped/>
  </testcase> <!-- dontGoToSchool -->
  <system-out/>
</testsuite> <!-- com.testNG.SkipParticularTestCase -->
