<?xml version="1.0" encoding="UTF-8"?>
<!-- Generated by org.testng.reporters.JUnitReportReporter -->
<testsuite hostname="DESKTOP-8SJFQJ0" failures="0" tests="5" name="com.testNG.B_Priority3" time="0.076" errors="0" timestamp="2023-01-23T10:02:09 IST" skipped="0">
  <testcase classname="com.testNG.B_Priority3" name="myFirstCase" time="0.033"/>
  <system-out/>
  <testcase classname="com.testNG.B_Priority3" name="mySecondCase" time="0.019"/>
  <system-out/>
  <testcase classname="com.testNG.B_Priority3" name="myThirdCase" time="0.004"/>
  <system-out/>
  <testcase classname="com.testNG.B_Priority3" name="myFourthCase" time="0.009"/>
  <system-out/>
  <testcase classname="com.testNG.B_Priority3" name="myFivthCase" time="0.011"/>
  <system-out/>
</testsuite> <!-- com.testNG.B_Priority3 -->
