<?xml version="1.0" encoding="UTF-8"?>
<!-- Generated by org.testng.reporters.JUnitReportReporter -->
<testsuite hostname="DESKTOP-8SJFQJ0" failures="0" tests="1" name="com.testNG_ClassPractice.H_Parallel" time="83.353" errors="0" timestamp="2023-01-31T08:31:10 IST" skipped="0">
  <testcase classname="com.testNG_ClassPractice.H_Parallel" name="buyVivoMobile" time="83.353"/>
  <system-out/>
</testsuite> <!-- com.testNG_ClassPractice.H_Parallel -->
