<?xml version="1.0" encoding="UTF-8"?>
<!-- Generated by org.testng.reporters.JUnitReportReporter -->
<testsuite hostname="DESKTOP-8SJFQJ0" failures="0" tests="1" name="com.testNG_ClassPractice.getWindowsHandle" time="4.495" errors="0" timestamp="2023-01-30T20:35:33 IST" skipped="0">
  <testcase classname="com.testNG_ClassPractice.getWindowsHandle" name="getIdOfActiveWindows" time="4.495"/>
  <system-out/>
</testsuite> <!-- com.testNG_ClassPractice.getWindowsHandle -->
