<?xml version="1.0" encoding="UTF-8"?>
<!-- Generated by org.testng.reporters.JUnitReportReporter -->
<testsuite hostname="DESKTOP-8SJFQJ0" failures="0" tests="4" name="com.testNG.TestNGUsingATTest" time="0.050" errors="0" timestamp="2023-01-22T06:49:03 IST" skipped="0">
  <testcase classname="com.testNG.TestNGUsingATTest" name="myFirstTest" time="0.027"/>
  <system-out/>
  <testcase classname="com.testNG.TestNGUsingATTest" name="mySecondTest" time="0.009"/>
  <system-out/>
  <testcase classname="com.testNG.TestNGUsingATTest" name="myThirdTest" time="0.006"/>
  <system-out/>
  <testcase classname="com.testNG.TestNGUsingATTest" name="myFourthTest" time="0.008"/>
  <system-out/>
</testsuite> <!-- com.testNG.TestNGUsingATTest -->
