<?xml version="1.0" encoding="UTF-8"?>
<!-- Generated by org.testng.reporters.JUnitReportReporter -->
<testsuite hostname="DESKTOP-8SJFQJ0" failures="0" tests="3" name="com.testNG.C_DependsOnMethod" time="0.017" errors="0" timestamp="2023-01-22T17:01:44 IST" skipped="0">
  <testcase classname="com.testNG.C_DependsOnMethod" name="goToCollege" time="0.003"/>
  <system-out/>
  <testcase classname="com.testNG.C_DependsOnMethod" name="goToHigherSecondary" time="0.011"/>
  <system-out/>
  <testcase classname="com.testNG.C_DependsOnMethod" name="goToHighSchool" time="0.003"/>
  <system-out/>
</testsuite> <!-- com.testNG.C_DependsOnMethod -->
