<?xml version="1.0" encoding="UTF-8"?>
<!-- Generated by org.testng.reporters.JUnitReportReporter -->
<testsuite hostname="DESKTOP-8SJFQJ0" failures="0" tests="3" name="com.testNG.DependsOnMethod" time="0.051" errors="0" timestamp="2023-01-22T08:32:01 IST" skipped="0">
  <testcase classname="com.testNG.DependsOnMethod" name="goToHighSchool" time="0.040"/>
  <system-out/>
  <testcase classname="com.testNG.DependsOnMethod" name="goToCollege" time="0.007"/>
  <system-out/>
  <testcase classname="com.testNG.DependsOnMethod" name="goToHigherSecondary" time="0.004"/>
  <system-out/>
</testsuite> <!-- com.testNG.DependsOnMethod -->
