<?xml version="1.0" encoding="UTF-8"?>
<!-- Generated by org.testng.reporters.JUnitReportReporter -->
<testsuite hostname="DESKTOP-8SJFQJ0" failures="0" tests="4" name="com.testNG_YouTube.B_priority2" time="0.081" errors="0" timestamp="2023-01-30T16:03:29 IST" skipped="0">
  <testcase classname="com.testNG_YouTube.B_priority2" name="firstOne" time="0.024"/>
  <system-out/>
  <testcase classname="com.testNG_YouTube.B_priority2" name="rhirdOne" time="0.007"/>
  <system-out/>
  <testcase classname="com.testNG_YouTube.B_priority2" name="secondOne" time="0.018"/>
  <system-out/>
  <testcase classname="com.testNG_YouTube.B_priority2" name="fourthOne" time="0.032"/>
  <system-out/>
</testsuite> <!-- com.testNG_YouTube.B_priority2 -->
