<?xml version="1.0" encoding="UTF-8"?>
<!-- Generated by org.testng.reporters.JUnitReportReporter -->
<testsuite hostname="DESKTOP-8SJFQJ0" failures="0" tests="4" name="com.testNG.UseSelenium" time="72.635" errors="0" timestamp="2023-01-22T09:03:07 IST" skipped="0">
  <testcase classname="com.testNG.UseSelenium" name="openGoogle" time="14.198"/>
  <system-out/>
  <testcase classname="com.testNG.UseSelenium" name="openFacebook" time="10.649"/>
  <system-out/>
  <testcase classname="com.testNG.UseSelenium" name="openTestleaf" time="22.009"/>
  <system-out/>
  <testcase classname="com.testNG.UseSelenium" name="openinta" time="25.779"/>
  <system-out/>
</testsuite> <!-- com.testNG.UseSelenium -->
