<?xml version="1.0" encoding="UTF-8"?>
<!-- Generated by org.testng.reporters.JUnitReportReporter -->
<testsuite hostname="DESKTOP-8SJFQJ0" failures="0" tests="3" name="com.testNG_YouTube.K_UsingDataProviderPassTheData1" time="36.967" errors="0" timestamp="2023-01-24T07:17:04 IST" skipped="0">
  <testcase classname="com.testNG_YouTube.K_UsingDataProviderPassTheData1" name="openFb" time="9.878"/>
  <system-out/>
  <testcase classname="com.testNG_YouTube.K_UsingDataProviderPassTheData1" name="openFb" time="17.071"/>
  <system-out/>
  <testcase classname="com.testNG_YouTube.K_UsingDataProviderPassTheData1" name="openFb" time="10.018"/>
  <system-out/>
</testsuite> <!-- com.testNG_YouTube.K_UsingDataProviderPassTheData1 -->
