<?xml version="1.0" encoding="UTF-8"?>
<!-- Generated by org.testng.reporters.JUnitReportReporter -->
<testsuite hostname="DESKTOP-8SJFQJ0" failures="0" tests="6" name="com.testNG.D_SkipParticularTestCase" time="0.030" errors="0" timestamp="2023-01-22T17:01:44 IST" skipped="1">
  <testcase classname="com.testNG.D_SkipParticularTestCase" name="goToLKG" time="0.003"/>
  <system-out/>
  <testcase classname="com.testNG.D_SkipParticularTestCase" name="goToElementary" time="0.001"/>
  <system-out/>
  <testcase classname="com.testNG.D_SkipParticularTestCase" name="goToHighSchool" time="0.009"/>
  <system-out/>
  <testcase classname="com.testNG.D_SkipParticularTestCase" name="goToHigherSec" time="0.004"/>
  <system-out/>
  <testcase classname="com.testNG.D_SkipParticularTestCase" name="goToCollege" time="0.013"/>
  <system-out/>
  <testcase classname="com.testNG.D_SkipParticularTestCase" name="dontGoToSchool">
    <skipped/>
  </testcase> <!-- dontGoToSchool -->
  <system-out/>
</testsuite> <!-- com.testNG.D_SkipParticularTestCase -->
