<?xml version="1.0" encoding="UTF-8"?>
<!-- Generated by org.testng.reporters.JUnitReportReporter -->
<testsuite hostname="DESKTOP-8SJFQJ0" failures="0" tests="3" name="com.testNG_ClassPractice.F_InvocationCount" time="29.735" errors="0" timestamp="2023-01-30T19:40:42 IST" skipped="0">
  <testcase classname="com.testNG_ClassPractice.F_InvocationCount" name="invocationCoutEx" time="9.243"/>
  <system-out/>
  <testcase classname="com.testNG_ClassPractice.F_InvocationCount" name="invocationCoutEx" time="11.432"/>
  <system-out/>
  <testcase classname="com.testNG_ClassPractice.F_InvocationCount" name="invocationCoutEx" time="9.060"/>
  <system-out/>
</testsuite> <!-- com.testNG_ClassPractice.F_InvocationCount -->
