<?xml version="1.0" encoding="UTF-8"?>
<!-- Generated by org.testng.reporters.JUnitReportReporter -->
<testsuite hostname="DESKTOP-8SJFQJ0" failures="0" tests="2" name="com.testNG_ClassPractice.ThreadPoolSize" time="49.615" errors="0" timestamp="2023-01-30T20:11:47 IST" skipped="0">
  <testcase classname="com.testNG_ClassPractice.ThreadPoolSize" name="openFB" time="25.072"/>
  <system-out/>
  <testcase classname="com.testNG_ClassPractice.ThreadPoolSize" name="openFB" time="24.543"/>
  <system-out/>
</testsuite> <!-- com.testNG_ClassPractice.ThreadPoolSize -->
