<?xml version="1.0" encoding="UTF-8"?>
<!-- Generated by org.testng.reporters.JUnitReportReporter -->
<testsuite hostname="DESKTOP-8SJFQJ0" failures="0" tests="4" name="com.testNG.A_TestNGUsingATTest" time="0.048" errors="0" timestamp="2023-01-23T12:29:18 IST" skipped="0">
  <testcase classname="com.testNG.A_TestNGUsingATTest" name="mySecondTest" time="0.007"/>
  <system-out/>
  <testcase classname="com.testNG.A_TestNGUsingATTest" name="myThirdTest" time="0.009"/>
  <system-out/>
  <testcase classname="com.testNG.A_TestNGUsingATTest" name="myFourthTest" time="0.010"/>
  <system-out/>
  <testcase classname="com.testNG.A_TestNGUsingATTest" name="myFirstTest" time="0.022"/>
  <system-out/>
</testsuite> <!-- com.testNG.A_TestNGUsingATTest -->
