<?xml version="1.0" encoding="UTF-8"?>
<!-- Generated by org.testng.reporters.JUnitReportReporter -->
<testsuite hostname="DESKTOP-8SJFQJ0" failures="0" tests="9" name="com.testNG_YouTube.G_Grouping" time="0.100" errors="0" timestamp="2023-01-31T07:20:35 IST" skipped="0">
  <testcase classname="com.testNG_YouTube.G_Grouping" name="elemendarySchool" time="0.009"/>
  <system-out/>
  <testcase classname="com.testNG_YouTube.G_Grouping" name="buyMotoMobile" time="0.004"/>
  <system-out/>
  <testcase classname="com.testNG_YouTube.G_Grouping" name="englishSub" time="0.010"/>
  <system-out/>
  <testcase classname="com.testNG_YouTube.G_Grouping" name="buyVivoMobile" time="0.009"/>
  <system-out/>
  <testcase classname="com.testNG_YouTube.G_Grouping" name="higherSecSchool" time="0.011"/>
  <system-out/>
  <testcase classname="com.testNG_YouTube.G_Grouping" name="mathsSub" time="0.013"/>
  <system-out/>
  <testcase classname="com.testNG_YouTube.G_Grouping" name="tamilSub" time="0.005"/>
  <system-out/>
  <testcase classname="com.testNG_YouTube.G_Grouping" name="buyAppleMobile" time="0.020"/>
  <system-out/>
  <testcase classname="com.testNG_YouTube.G_Grouping" name="highSchool" time="0.019"/>
  <system-out/>
</testsuite> <!-- com.testNG_YouTube.G_Grouping -->
