<?xml version="1.0" encoding="UTF-8"?>
<!-- Generated by org.testng.reporters.JUnitReportReporter -->
<testsuite hostname="DESKTOP-8SJFQJ0" failures="0" tests="1" name="com.testNG_ClassPractice.BaseClass_Call" time="32.577" errors="0" timestamp="2023-02-06T06:22:57 IST" skipped="0">
  <testcase classname="com.testNG_ClassPractice.BaseClass_Call" name="openGoogle" time="32.577"/>
  <system-out/>
</testsuite> <!-- com.testNG_ClassPractice.BaseClass_Call -->
