<?xml version="1.0" encoding="UTF-8"?>
<!-- Generated by org.testng.reporters.JUnitReportReporter -->
<testsuite hostname="DESKTOP-8SJFQJ0" failures="0" tests="4" name="com.testNG_YouTube.I_ParallelTesting" time="272.182" errors="0" timestamp="2023-01-30T20:57:01 IST" skipped="0">
  <testcase classname="com.testNG_YouTube.I_ParallelTesting" name="openInstagram" time="45.607"/>
  <system-out/>
  <testcase classname="com.testNG_YouTube.I_ParallelTesting" name="openSearchOfMadurai" time="102.072"/>
  <system-out/>
  <testcase classname="com.testNG_YouTube.I_ParallelTesting" name="openGoogle" time="69.977"/>
  <system-out/>
  <testcase classname="com.testNG_YouTube.I_ParallelTesting" name="openFB" time="54.526"/>
  <system-out/>
</testsuite> <!-- com.testNG_YouTube.I_ParallelTesting -->
