<?xml version="1.0" encoding="UTF-8"?>
<!-- Generated by org.testng.reporters.JUnitReportReporter -->
<testsuite hostname="DESKTOP-8SJFQJ0" failures="0" tests="3" name="com.testNG_YouTube.UsingDataProvider1" time="0.045" errors="0" timestamp="2023-01-24T07:08:55 IST" skipped="0">
  <testcase classname="com.testNG_YouTube.UsingDataProvider1" name="getData" time="0.010"/>
  <system-out/>
  <testcase classname="com.testNG_YouTube.UsingDataProvider1" name="getData" time="0.017"/>
  <system-out/>
  <testcase classname="com.testNG_YouTube.UsingDataProvider1" name="getData" time="0.018"/>
  <system-out/>
</testsuite> <!-- com.testNG_YouTube.UsingDataProvider1 -->
