<?xml version="1.0" encoding="UTF-8"?>
<!-- Generated by org.testng.reporters.JUnitReportReporter -->
<testsuite hostname="DESKTOP-8SJFQJ0" failures="0" tests="1" name="org.runner.Runner_Class" time="11.295" errors="0" timestamp="2023-02-02T17:49:33 IST" skipped="0">
  <testcase classname="org.runner.Runner_Class" name="launch" time="11.295"/>
  <system-out/>
</testsuite> <!-- org.runner.Runner_Class -->
