<?xml version="1.0" encoding="UTF-8"?>
<!-- Generated by org.testng.reporters.JUnitReportReporter -->
<testsuite hostname="DESKTOP-8SJFQJ0" failures="0" tests="4" name="com.testNG.B_priority2" time="0.012" errors="0" timestamp="2023-01-22T17:01:44 IST" skipped="0">
  <testcase classname="com.testNG.B_priority2" name="firstOne" time="0.002"/>
  <system-out/>
  <testcase classname="com.testNG.B_priority2" name="thirdOne" time="0.001"/>
  <system-out/>
  <testcase classname="com.testNG.B_priority2" name="secondOne" time="0.005"/>
  <system-out/>
  <testcase classname="com.testNG.B_priority2" name="fourthOne" time="0.004"/>
  <system-out/>
</testsuite> <!-- com.testNG.B_priority2 -->
