<?xml version="1.0" encoding="UTF-8"?>
<!-- Generated by org.testng.reporters.JUnitReportReporter -->
<testsuite hostname="DESKTOP-8SJFQJ0" failures="0" tests="4" name="com.testNG.priority2" time="0.036" errors="0" timestamp="2023-01-22T07:26:04 IST" skipped="0">
  <testcase classname="com.testNG.priority2" name="firstOne" time="0.021"/>
  <system-out/>
  <testcase classname="com.testNG.priority2" name="thirdOne" time="0.005"/>
  <system-out/>
  <testcase classname="com.testNG.priority2" name="secondOne" time="0.005"/>
  <system-out/>
  <testcase classname="com.testNG.priority2" name="fourthOne" time="0.005"/>
  <system-out/>
</testsuite> <!-- com.testNG.priority2 -->
