<?xml version="1.0" encoding="UTF-8"?>
<!-- Generated by org.testng.reporters.JUnitReportReporter -->
<testsuite hostname="DESKTOP-8SJFQJ0" failures="0" tests="5" name="com.testNG_YouTube.B_Priority3" time="0.122" errors="0" timestamp="2023-01-24T09:09:42 IST" skipped="0">
  <testcase classname="com.testNG_YouTube.B_Priority3" name="myFirstCase" time="0.024"/>
  <system-out/>
  <testcase classname="com.testNG_YouTube.B_Priority3" name="mySecondCase" time="0.005"/>
  <system-out/>
  <testcase classname="com.testNG_YouTube.B_Priority3" name="myThirdCase" time="0.026"/>
  <system-out/>
  <testcase classname="com.testNG_YouTube.B_Priority3" name="myFourthCase" time="0.040"/>
  <system-out/>
  <testcase classname="com.testNG_YouTube.B_Priority3" name="myFivthCase" time="0.027"/>
  <system-out/>
</testsuite> <!-- com.testNG_YouTube.B_Priority3 -->
