<?xml version="1.0" encoding="UTF-8"?>
<!-- Generated by org.testng.reporters.JUnitReportReporter -->
<testsuite hostname="DESKTOP-8SJFQJ0" failures="0" tests="3" name="com.testNG_ClassPractice.OpenNykaa" time="40.839" errors="0" timestamp="2023-01-24T10:09:23 IST" skipped="0">
  <testcase classname="com.testNG_ClassPractice.OpenNykaa" name="openBrowser" time="14.798"/>
  <system-out/>
  <testcase classname="com.testNG_ClassPractice.OpenNykaa" name="clickTheSingIn" time="1.162"/>
  <system-out/>
  <testcase classname="com.testNG_ClassPractice.OpenNykaa" name="enterMobileNO" time="24.879"/>
  <system-out/>
</testsuite> <!-- com.testNG_ClassPractice.OpenNykaa -->
