<?xml version="1.0" encoding="UTF-8"?>
<!-- Generated by org.testng.reporters.JUnitReportReporter -->
<testsuite hostname="DESKTOP-8SJFQJ0" failures="0" tests="4" name="com.testNG.Priority" time="0.072" errors="0" timestamp="2023-01-22T06:48:30 IST" skipped="0">
  <testcase classname="com.testNG.Priority" name="myFirstTest" time="0.026"/>
  <system-out/>
  <testcase classname="com.testNG.Priority" name="mySecondTest" time="0.006"/>
  <system-out/>
  <testcase classname="com.testNG.Priority" name="myThirdTest" time="0.020"/>
  <system-out/>
  <testcase classname="com.testNG.Priority" name="myFourthTest" time="0.020"/>
  <system-out/>
</testsuite> <!-- com.testNG.Priority -->
