<?xml version="1.0" encoding="UTF-8"?>
<!-- Generated by org.testng.reporters.JUnitReportReporter -->
<testsuite hostname="DESKTOP-8SJFQJ0" failures="0" tests="6" name="com.testNG_ClassPractice.A_OpenABrowser" time="23.406" errors="0" timestamp="2023-01-23T12:52:20 IST" skipped="0">
  <testcase classname="com.testNG_ClassPractice.A_OpenABrowser" name="openGoogle" time="11.485"/>
  <system-out/>
  <testcase classname="com.testNG_ClassPractice.A_OpenABrowser" name="searchMadurai" time="10.988"/>
  <system-out/>
  <testcase classname="com.testNG_ClassPractice.A_OpenABrowser" name="closeTheBrowser" time="0.893"/>
  <system-out/>
  <testcase classname="com.testNG_ClassPractice.A_OpenABrowser" name="googleOpened" time="0.024"/>
  <system-out/>
  <testcase classname="com.testNG_ClassPractice.A_OpenABrowser" name="openedMadurai" time="0.012"/>
  <system-out/>
  <testcase classname="com.testNG_ClassPractice.A_OpenABrowser" name="closed" time="0.004"/>
  <system-out/>
</testsuite> <!-- com.testNG_ClassPractice.A_OpenABrowser -->
